<?xml version="1.0" encoding="UTF-8"?>
<!-- Generated by org.testng.reporters.JUnitReportReporter -->
<testsuite hostname="LAPTOP-MPOG5PBP" failures="0" tests="3" name="com.testCases.Culturals_testcases" time="40.159" errors="0" timestamp="2022-07-12T15:46:57 IST" skipped="0">
  <testcase classname="com.testCases.Culturals_testcases" name="culturals_approval" time="10.524"/>
  <system-out/>
  <testcase classname="com.testCases.Culturals_testcases" name="takescreenshot" time="15.681"/>
  <system-out/>
  <testcase classname="com.testCases.Culturals_testcases" name="culturals" time="13.954"/>
  <system-out/>
</testsuite> <!-- com.testCases.Culturals_testcases -->
