<?xml version="1.0" encoding="UTF-8"?>
<!-- Generated by org.testng.reporters.JUnitReportReporter -->
<testsuite hostname="LAPTOP-MPOG5PBP" failures="0" tests="1" name="com.testCases.Account_activation_testcase" time="39.805" errors="0" timestamp="2022-07-16T19:11:32 IST" skipped="0">
  <testcase classname="com.testCases.Account_activation_testcase" name="account_activation" time="39.805"/>
  <system-out/>
</testsuite> <!-- com.testCases.Account_activation_testcase -->
