<?xml version="1.0" encoding="UTF-8"?>
<!-- Generated by org.testng.reporters.JUnitReportReporter -->
<testsuite hostname="LAPTOP-MPOG5PBP" failures="0" tests="1" name="com.testCases.Account_activation_testcase" time="25.079" errors="0" timestamp="2022-06-23T18:35:27 IST" skipped="0">
  <testcase classname="com.testCases.Account_activation_testcase" name="account_activation" time="25.079"/>
  <system-out/>
</testsuite> <!-- com.testCases.Account_activation_testcase -->
