<?xml version="1.0" encoding="UTF-8"?>
<!-- Generated by org.testng.reporters.JUnitReportReporter -->
<testsuite hostname="LAPTOP-MPOG5PBP" failures="0" tests="1" name="com.testCases.Product_solution_approval_testcase" time="3.224" errors="0" timestamp="2022-06-27T22:12:05 IST" skipped="0">
  <testcase classname="com.testCases.Product_solution_approval_testcase" name="product_solution_approval" time="3.224"/>
  <system-out/>
</testsuite> <!-- com.testCases.Product_solution_approval_testcase -->
