<?xml version="1.0" encoding="UTF-8"?>
<!-- Generated by org.testng.reporters.JUnitReportReporter -->
<testsuite hostname="LAPTOP-MPOG5PBP" failures="0" tests="3" name="com.testCases.Other_technical_activities_testcases" time="51.368" errors="0" timestamp="2022-07-12T11:40:26 IST" skipped="0">
  <testcase classname="com.testCases.Other_technical_activities_testcases" name="takescreenshot" time="17.909"/>
  <system-out/>
  <testcase classname="com.testCases.Other_technical_activities_testcases" name="technical_record_approval" time="12.211"/>
  <system-out/>
  <testcase classname="com.testCases.Other_technical_activities_testcases" name="other_technical_activities" time="21.248"/>
  <system-out/>
</testsuite> <!-- com.testCases.Other_technical_activities_testcases -->
