<?xml version="1.0" encoding="UTF-8"?>
<!-- Generated by org.testng.reporters.JUnitReportReporter -->
<testsuite hostname="LAPTOP-MPOG5PBP" failures="0" tests="2" name="com.testCases.Add_profile_picture_testcase" time="25.781" errors="0" timestamp="2022-07-19T18:27:25 IST" skipped="0">
  <testcase classname="com.testCases.Add_profile_picture_testcase" name="check_dashboard" time="3.167"/>
  <system-out/>
  <testcase classname="com.testCases.Add_profile_picture_testcase" name="add_profilePicture" time="22.614"/>
  <system-out/>
</testsuite> <!-- com.testCases.Add_profile_picture_testcase -->
