<?xml version="1.0" encoding="UTF-8"?>
<!-- Generated by org.testng.reporters.JUnitReportReporter -->
<testsuite hostname="LAPTOP-MPOG5PBP" failures="0" tests="1" name="com.testCases.Student_login_testcases" time="1.795" errors="0" timestamp="2022-06-15T20:12:00 IST" skipped="0">
  <testcase classname="com.testCases.Student_login_testcases" name="login" time="1.795"/>
  <system-out/>
</testsuite> <!-- com.testCases.Student_login_testcases -->
