<?xml version="1.0" encoding="UTF-8"?>
<!-- Generated by org.testng.reporters.JUnitReportReporter -->
<testsuite hostname="LAPTOP-MPOG5PBP" failures="0" tests="1" name="com.testCases.Get_student_info_testcases" time="27.519" errors="0" timestamp="2022-07-19T19:01:26 IST" skipped="0">
  <testcase classname="com.testCases.Get_student_info_testcases" name="student_info" time="27.519"/>
  <system-out/>
</testsuite> <!-- com.testCases.Get_student_info_testcases -->
