<?xml version="1.0" encoding="UTF-8"?>
<!-- Generated by org.testng.reporters.JUnitReportReporter -->
<testsuite hostname="LAPTOP-MPOG5PBP" failures="0" tests="3" name="com.testCases.Sports_testcases" time="42.509" errors="0" timestamp="2022-07-19T19:11:10 IST" skipped="0">
  <testcase classname="com.testCases.Sports_testcases" name="sports_approval" time="7.621"/>
  <system-out/>
  <testcase classname="com.testCases.Sports_testcases" name="takescreenshot" time="9.624"/>
  <system-out/>
  <testcase classname="com.testCases.Sports_testcases" name="sports" time="25.264"/>
  <system-out/>
</testsuite> <!-- com.testCases.Sports_testcases -->
