<?xml version="1.0" encoding="UTF-8"?>
<!-- Generated by org.testng.reporters.JUnitReportReporter -->
<testsuite hostname="LAPTOP-MPOG5PBP" failures="0" tests="3" name="com.testCases.Technical_record_testcases" time="46.394" errors="0" timestamp="2022-07-09T19:10:38 IST" skipped="0">
  <testcase classname="com.testCases.Technical_record_testcases" name="takescreenshot" time="11.756"/>
  <system-out/>
  <testcase classname="com.testCases.Technical_record_testcases" name="technical_record_approval" time="12.263"/>
  <system-out/>
  <testcase classname="com.testCases.Technical_record_testcases" name="technical_record" time="22.375"/>
  <system-out/>
</testsuite> <!-- com.testCases.Technical_record_testcases -->
