<?xml version="1.0" encoding="UTF-8"?>
<!-- Generated by org.testng.reporters.JUnitReportReporter -->
<testsuite hostname="LAPTOP-MPOG5PBP" failures="0" tests="3" name="com.testCases.Symposium_testcases" time="37.778" errors="0" timestamp="2022-07-09T17:36:37 IST" skipped="0">
  <testcase classname="com.testCases.Symposium_testcases" name="takescreenshot" time="11.551"/>
  <system-out/>
  <testcase classname="com.testCases.Symposium_testcases" name="symposium_approval" time="9.467"/>
  <system-out/>
  <testcase classname="com.testCases.Symposium_testcases" name="symposium" time="16.760"/>
  <system-out/>
</testsuite> <!-- com.testCases.Symposium_testcases -->
