<?xml version="1.0" encoding="UTF-8"?>
<!-- Generated by org.testng.reporters.JUnitReportReporter -->
<testsuite hostname="LAPTOP-MPOG5PBP" failures="0" tests="1" name="com.testCases.Get_student_info_testcases" time="59.671" errors="0" timestamp="2022-07-12T19:04:56 IST" skipped="0">
  <testcase classname="com.testCases.Get_student_info_testcases" name="student_info" time="59.671"/>
  <system-out/>
</testsuite> <!-- com.testCases.Get_student_info_testcases -->
