<?xml version="1.0" encoding="UTF-8"?>
<!-- Generated by org.testng.reporters.JUnitReportReporter -->
<testsuite hostname="LAPTOP-MPOG5PBP" failures="0" tests="3" name="com.testCases.Co_curricular_testcase" time="61.778" errors="0" timestamp="2022-07-19T18:24:36 IST" skipped="0">
  <testcase classname="com.testCases.Co_curricular_testcase" name="admin_approval" time="8.032"/>
  <system-out/>
  <testcase classname="com.testCases.Co_curricular_testcase" name="certificate" time="22.296"/>
  <system-out/>
  <testcase classname="com.testCases.Co_curricular_testcase" name="takescreenshot" time="31.450"/>
  <system-out/>
</testsuite> <!-- com.testCases.Co_curricular_testcase -->
